2013-02-18 00:30:47,351 [main] ERROR StackTrace  - Full Stack Trace:
Condition not satisfied:

chainsManager != null
|             |
null          false

	at infra.chains.ChainsManagerSpec.test autowired(ChainsManagerSpec.groovy:25)
2013-02-18 00:30:47,353 [main] ERROR StackTrace  - Full Stack Trace:
Condition not satisfied:

chainsManager != null
|             |
null          false

	at infra.chains.ChainsManagerSpec.test autowired(ChainsManagerSpec.groovy:25)
2013-02-18 00:30:47,363 [main] ERROR StackTrace  - Full Stack Trace:
junit.framework.AssertionFailedError: Condition not satisfied:

chainsManager != null
|             |
null          false

	at infra.chains.ChainsManagerSpec.test autowired(ChainsManagerSpec.groovy:25)
2013-02-18 00:30:47,364 [main] ERROR StackTrace  - Full Stack Trace:
junit.framework.AssertionFailedError: Condition not satisfied:

chainsManager != null
|             |
null          false

	at infra.chains.ChainsManagerSpec.test autowired(ChainsManagerSpec.groovy:25)
2013-02-18 00:30:47,368 [main] ERROR StackTrace  - Full Stack Trace:
junit.framework.AssertionFailedError: Condition not satisfied:

chainsManager != null
|             |
null          false

	at infra.chains.ChainsManagerSpec.test autowired(ChainsManagerSpec.groovy:25)
2013-02-18 00:30:47,368 [main] ERROR StackTrace  - Full Stack Trace:
junit.framework.AssertionFailedError: Condition not satisfied:

chainsManager != null
|             |
null          false

	at infra.chains.ChainsManagerSpec.test autowired(ChainsManagerSpec.groovy:25)
2013-02-18 00:32:54,796 [main] ERROR StackTrace  - Full Stack Trace:
Condition not satisfied:

atom.type == "text"
|    |    |
|    |    false
|    |    8 differences (0% similarity)
|    |    (markdown)
|    |    (text----)
|    markdown
Atom:z7a7xqum

	at infra.chains.ChainsManagerSpec.pushes atom into clean chain(ChainsManagerSpec.groovy:40)
2013-02-18 00:32:54,800 [main] ERROR StackTrace  - Full Stack Trace:
Condition not satisfied:

atom.type == "text"
|    |    |
|    |    false
|    |    8 differences (0% similarity)
|    |    (markdown)
|    |    (text----)
|    markdown
Atom:z7a7xqum

	at infra.chains.ChainsManagerSpec.pushes atom into clean chain(ChainsManagerSpec.groovy:40)
2013-02-18 00:32:54,811 [main] ERROR StackTrace  - Full Stack Trace:
junit.framework.AssertionFailedError: Condition not satisfied:

atom.type == "text"
|    |    |
|    |    false
|    |    8 differences (0% similarity)
|    |    (markdown)
|    |    (text----)
|    markdown
Atom:z7a7xqum

	at infra.chains.ChainsManagerSpec.pushes atom into clean chain(ChainsManagerSpec.groovy:40)
2013-02-18 00:32:54,812 [main] ERROR StackTrace  - Full Stack Trace:
junit.framework.AssertionFailedError: Condition not satisfied:

atom.type == "text"
|    |    |
|    |    false
|    |    8 differences (0% similarity)
|    |    (markdown)
|    |    (text----)
|    markdown
Atom:z7a7xqum

	at infra.chains.ChainsManagerSpec.pushes atom into clean chain(ChainsManagerSpec.groovy:40)
2013-02-18 00:32:54,814 [main] ERROR StackTrace  - Full Stack Trace:
junit.framework.AssertionFailedError: Condition not satisfied:

atom.type == "text"
|    |    |
|    |    false
|    |    8 differences (0% similarity)
|    |    (markdown)
|    |    (text----)
|    markdown
Atom:z7a7xqum

	at infra.chains.ChainsManagerSpec.pushes atom into clean chain(ChainsManagerSpec.groovy:40)
2013-02-18 00:32:54,814 [main] ERROR StackTrace  - Full Stack Trace:
junit.framework.AssertionFailedError: Condition not satisfied:

atom.type == "text"
|    |    |
|    |    false
|    |    8 differences (0% similarity)
|    |    (markdown)
|    |    (text----)
|    markdown
Atom:z7a7xqum

	at infra.chains.ChainsManagerSpec.pushes atom into clean chain(ChainsManagerSpec.groovy:40)
